# JRE version: OpenJDK Runtime Environment (17.0.6) (build 17.0.6+0-b2043.56-10027231)
# Java VM: OpenJDK 64-Bit Server VM (17.0.6+0-b2043.56-10027231, mixed mode, tiered, compressed oops, compressed class ptrs, g1 gc, windows-amd64)
GC Precious Log:
 CPUs: 8 total, 8 available
 Memory: 7834M
 Large Page Support: Disabled
 NUMA Support: Disabled
 Compressed Oops: Enabled (32-bit)
 Heap Region Size: 1M
 Heap Min Capacity: 8M
 Heap Initial Capacity: 124M
 Heap Max Capacity: 2G
 Pre-touch: Disabled
 Parallel Workers: 8
 Concurrent Workers: 2
 Concurrent Refinement Workers: 8
 Periodic GC: Disabled
Heap:
 garbage-first heap   total 424960K, used 231247K [0x0000000080000000, 0x0000000100000000)
  region size 1024K, 3 young (3072K), 3 survivors (3072K)
 Metaspace       used 146422K, committed 148032K, reserved 1179648K
  class space    used 19098K, committed 19904K, reserved 1048576K
GC Heap History (20 events):
Event: 120.575 GC heap after
{Heap after GC invocations=61 (full 0):
 garbage-first heap   total 365568K, used 215008K [0x0000000080000000, 0x0000000100000000)
  region size 1024K, 2 young (2048K), 2 survivors (2048K)
 Metaspace       used 126323K, committed 127488K, reserved 1163264K
  class space    used 16718K, committed 17280K, reserved 1048576K
}
Event: 158.246 GC heap before
{Heap before GC invocations=61 (full 0):
 garbage-first heap   total 365568K, used 303072K [0x0000000080000000, 0x0000000100000000)
  region size 1024K, 89 young (91136K), 2 survivors (2048K)
 Metaspace       used 129505K, committed 130816K, reserved 1163264K
  class space    used 17146K, committed 17792K, reserved 1048576K
}
Event: 158.257 GC heap after
{Heap after GC invocations=62 (full 0):
 garbage-first heap   total 365568K, used 222143K [0x0000000080000000, 0x0000000100000000)
  region size 1024K, 9 young (9216K), 9 survivors (9216K)
 Metaspace       used 129505K, committed 130816K, reserved 1163264K
  class space    used 17146K, committed 17792K, reserved 1048576K
}
Event: 159.262 GC heap before
{Heap before GC invocations=63 (full 0):
 garbage-first heap   total 404480K, used 305087K [0x0000000080000000, 0x0000000100000000)
  region size 1024K, 90 young (92160K), 9 survivors (9216K)
 Metaspace       used 133855K, committed 135104K, reserved 1171456K
  class space    used 17549K, committed 18176K, reserved 1048576K
}
Event: 159.281 GC heap after
{Heap after GC invocations=64 (full 0):
 garbage-first heap   total 404480K, used 229652K [0x0000000080000000, 0x0000000100000000)
  region size 1024K, 8 young (8192K), 8 survivors (8192K)
 Metaspace       used 133855K, committed 135104K, reserved 1171456K
  class space    used 17549K, committed 18176K, reserved 1048576K
}
Event: 159.389 GC heap before
{Heap before GC invocations=64 (full 0):
 garbage-first heap   total 404480K, used 240916K [0x0000000080000000, 0x0000000100000000)
  region size 1024K, 19 young (19456K), 8 survivors (8192K)
 Metaspace       used 134297K, committed 135616K, reserved 1171456K
  class space    used 17631K, committed 18304K, reserved 1048576K
}
Event: 159.405 GC heap after
{Heap after GC invocations=65 (full 0):
 garbage-first heap   total 404480K, used 227855K [0x0000000080000000, 0x0000000100000000)
  region size 1024K, 2 young (2048K), 2 survivors (2048K)
 Metaspace       used 134297K, committed 135616K, reserved 1171456K
  class space    used 17631K, committed 18304K, reserved 1048576K
}
Event: 258.658 GC heap before
{Heap before GC invocations=65 (full 0):
 garbage-first heap   total 404480K, used 335375K [0x0000000080000000, 0x0000000100000000)
  region size 1024K, 108 young (110592K), 2 survivors (2048K)
 Metaspace       used 137463K, committed 138816K, reserved 1171456K
  class space    used 18075K, committed 18752K, reserved 1048576K
}
Event: 258.667 GC heap after
{Heap after GC invocations=66 (full 0):
 garbage-first heap   total 404480K, used 235636K [0x0000000080000000, 0x0000000100000000)
  region size 1024K, 10 young (10240K), 10 survivors (10240K)
 Metaspace       used 137463K, committed 138816K, reserved 1171456K
  class space    used 18075K, committed 18752K, reserved 1048576K
}
Event: 266.304 GC heap before
{Heap before GC invocations=67 (full 0):
 garbage-first heap   total 409600K, used 334964K [0x0000000080000000, 0x0000000100000000)
  region size 1024K, 109 young (111616K), 10 survivors (10240K)
 Metaspace       used 143761K, committed 145216K, reserved 1179648K
  class space    used 18760K, committed 19520K, reserved 1048576K
}
Event: 266.310 GC heap after
{Heap after GC invocations=68 (full 0):
 garbage-first heap   total 409600K, used 230188K [0x0000000080000000, 0x0000000100000000)
  region size 1024K, 3 young (3072K), 3 survivors (3072K)
 Metaspace       used 143761K, committed 145216K, reserved 1179648K
  class space    used 18760K, committed 19520K, reserved 1048576K
}
Event: 266.498 GC heap before
{Heap before GC invocations=68 (full 0):
 garbage-first heap   total 409600K, used 247596K [0x0000000080000000, 0x0000000100000000)
  region size 1024K, 20 young (20480K), 3 survivors (3072K)
 Metaspace       used 143829K, committed 145280K, reserved 1179648K
  class space    used 18766K, committed 19520K, reserved 1048576K
}
Event: 266.502 GC heap after
{Heap after GC invocations=69 (full 0):
 garbage-first heap   total 409600K, used 223868K [0x0000000080000000, 0x0000000100000000)
  region size 1024K, 2 young (2048K), 2 survivors (2048K)
 Metaspace       used 143829K, committed 145280K, reserved 1179648K
  class space    used 18766K, committed 19520K, reserved 1048576K
}
Event: 267.685 GC heap before
{Heap before GC invocations=69 (full 0):
 garbage-first heap   total 409600K, used 343676K [0x0000000080000000, 0x0000000100000000)
  region size 1024K, 120 young (122880K), 2 survivors (2048K)
 Metaspace       used 144257K, committed 145728K, reserved 1179648K
  class space    used 18781K, committed 19520K, reserved 1048576K
}
Event: 267.699 GC heap after
{Heap after GC invocations=70 (full 0):
 garbage-first heap   total 409600K, used 237831K [0x0000000080000000, 0x0000000100000000)
  region size 1024K, 15 young (15360K), 15 survivors (15360K)
 Metaspace       used 144257K, committed 145728K, reserved 1179648K
  class space    used 18781K, committed 19520K, reserved 1048576K
}
Event: 333.575 GC heap before
{Heap before GC invocations=71 (full 0):
 garbage-first heap   total 424960K, used 333063K [0x0000000080000000, 0x0000000100000000)
  region size 1024K, 113 young (115712K), 15 survivors (15360K)
 Metaspace       used 145706K, committed 147264K, reserved 1179648K
  class space    used 19023K, committed 19840K, reserved 1048576K
}
Event: 333.590 GC heap after
{Heap after GC invocations=72 (full 0):
 garbage-first heap   total 424960K, used 240326K [0x0000000080000000, 0x0000000100000000)
  region size 1024K, 9 young (9216K), 9 survivors (9216K)
 Metaspace       used 145706K, committed 147264K, reserved 1179648K
  class space    used 19023K, committed 19840K, reserved 1048576K
}
Event: 333.758 GC heap before
{Heap before GC invocations=72 (full 0):
 garbage-first heap   total 424960K, used 251590K [0x0000000080000000, 0x0000000100000000)
  region size 1024K, 20 young (20480K), 9 survivors (9216K)
 Metaspace       used 145909K, committed 147456K, reserved 1179648K
  class space    used 19049K, committed 19840K, reserved 1048576K
}
Event: 333.770 GC heap after
{Heap after GC invocations=73 (full 0):
 garbage-first heap   total 424960K, used 230896K [0x0000000080000000, 0x0000000100000000)
  region size 1024K, 2 young (2048K), 2 survivors (2048K)
 Metaspace       used 145909K, committed 147456K, reserved 1179648K
  class space    used 19049K, committed 19840K, reserved 1048576K
}
Event: 333.890 GC heap before
{Heap before GC invocations=73 (full 0):
 garbage-first heap   total 424960K, used 246256K [0x0000000080000000, 0x0000000100000000)
  region size 1024K, 19 young (19456K), 2 survivors (2048K)
 Metaspace       used 146422K, committed 148032K, reserved 1179648K
  class space    used 19098K, committed 19904K, reserved 1048576K
}

