# JRE version: OpenJDK Runtime Environment (17.0.6) (build 17.0.6+0-b2043.56-10027231)
# Java VM: OpenJDK 64-Bit Server VM (17.0.6+0-b2043.56-10027231, mixed mode, tiered, compressed oops, compressed class ptrs, g1 gc, windows-amd64)
GC Precious Log:
 CPUs: 8 total, 8 available
 Memory: 7834M
 Large Page Support: Disabled
 NUMA Support: Disabled
 Compressed Oops: Enabled (32-bit)
 Heap Region Size: 1M
 Heap Min Capacity: 8M
 Heap Initial Capacity: 124M
 Heap Max Capacity: 2G
 Pre-touch: Disabled
 Parallel Workers: 8
 Concurrent Workers: 2
 Concurrent Refinement Workers: 8
 Periodic GC: Disabled
Heap:
 garbage-first heap   total 135168K, used 95544K [0x0000000080000000, 0x0000000100000000)
  region size 1024K, 29 young (29696K), 2 survivors (2048K)
 Metaspace       used 52794K, committed 53376K, reserved 1097728K
  class space    used 7070K, committed 7360K, reserved 1048576K
GC Heap History (20 events):
Event: 2.145 GC heap before
{Heap before GC invocations=5 (full 0):
 garbage-first heap   total 68608K, used 21561K [0x0000000080000000, 0x0000000100000000)
  region size 1024K, 4 young (4096K), 3 survivors (3072K)
 Metaspace       used 26455K, committed 26816K, reserved 1073152K
  class space    used 3485K, committed 3648K, reserved 1048576K
}
Event: 2.147 GC heap after
{Heap after GC invocations=6 (full 0):
 garbage-first heap   total 68608K, used 20628K [0x0000000080000000, 0x0000000100000000)
  region size 1024K, 1 young (1024K), 1 survivors (1024K)
 Metaspace       used 26455K, committed 26816K, reserved 1073152K
  class space    used 3485K, committed 3648K, reserved 1048576K
}
Event: 2.440 GC heap before
{Heap before GC invocations=6 (full 0):
 garbage-first heap   total 68608K, used 47252K [0x0000000080000000, 0x0000000100000000)
  region size 1024K, 21 young (21504K), 1 survivors (1024K)
 Metaspace       used 29354K, committed 29696K, reserved 1081344K
  class space    used 3987K, committed 4160K, reserved 1048576K
}
Event: 2.442 GC heap after
{Heap after GC invocations=7 (full 0):
 garbage-first heap   total 100352K, used 32191K [0x0000000080000000, 0x0000000100000000)
  region size 1024K, 4 young (4096K), 4 survivors (4096K)
 Metaspace       used 29354K, committed 29696K, reserved 1081344K
  class space    used 3987K, committed 4160K, reserved 1048576K
}
Event: 2.994 GC heap before
{Heap before GC invocations=7 (full 0):
 garbage-first heap   total 100352K, used 86463K [0x0000000080000000, 0x0000000100000000)
  region size 1024K, 44 young (45056K), 4 survivors (4096K)
 Metaspace       used 35132K, committed 35520K, reserved 1081344K
  class space    used 4880K, committed 5056K, reserved 1048576K
}
Event: 2.999 GC heap after
{Heap after GC invocations=8 (full 0):
 garbage-first heap   total 100352K, used 50094K [0x0000000080000000, 0x0000000100000000)
  region size 1024K, 4 young (4096K), 4 survivors (4096K)
 Metaspace       used 35132K, committed 35520K, reserved 1081344K
  class space    used 4880K, committed 5056K, reserved 1048576K
}
Event: 3.040 GC heap before
{Heap before GC invocations=8 (full 0):
 garbage-first heap   total 100352K, used 52142K [0x0000000080000000, 0x0000000100000000)
  region size 1024K, 7 young (7168K), 4 survivors (4096K)
 Metaspace       used 35605K, committed 35968K, reserved 1081344K
  class space    used 4955K, committed 5120K, reserved 1048576K
}
Event: 3.042 GC heap after
{Heap after GC invocations=9 (full 0):
 garbage-first heap   total 100352K, used 50098K [0x0000000080000000, 0x0000000100000000)
  region size 1024K, 1 young (1024K), 1 survivors (1024K)
 Metaspace       used 35605K, committed 35968K, reserved 1081344K
  class space    used 4955K, committed 5120K, reserved 1048576K
}
Event: 3.431 GC heap before
{Heap before GC invocations=10 (full 0):
 garbage-first heap   total 100352K, used 78770K [0x0000000080000000, 0x0000000100000000)
  region size 1024K, 30 young (30720K), 1 survivors (1024K)
 Metaspace       used 41717K, committed 42112K, reserved 1089536K
  class space    used 5582K, committed 5760K, reserved 1048576K
}
Event: 3.434 GC heap after
{Heap after GC invocations=11 (full 0):
 garbage-first heap   total 100352K, used 54744K [0x0000000080000000, 0x0000000100000000)
  region size 1024K, 4 young (4096K), 4 survivors (4096K)
 Metaspace       used 41717K, committed 42112K, reserved 1089536K
  class space    used 5582K, committed 5760K, reserved 1048576K
}
Event: 3.499 GC heap before
{Heap before GC invocations=11 (full 0):
 garbage-first heap   total 100352K, used 68056K [0x0000000080000000, 0x0000000100000000)
  region size 1024K, 19 young (19456K), 4 survivors (4096K)
 Metaspace       used 42187K, committed 42560K, reserved 1089536K
  class space    used 5628K, committed 5824K, reserved 1048576K
}
Event: 3.503 GC heap after
{Heap after GC invocations=12 (full 0):
 garbage-first heap   total 100352K, used 56374K [0x0000000080000000, 0x0000000100000000)
  region size 1024K, 3 young (3072K), 3 survivors (3072K)
 Metaspace       used 42187K, committed 42560K, reserved 1089536K
  class space    used 5628K, committed 5824K, reserved 1048576K
}
Event: 3.787 GC heap before
{Heap before GC invocations=13 (full 0):
 garbage-first heap   total 102400K, used 82998K [0x0000000080000000, 0x0000000100000000)
  region size 1024K, 26 young (26624K), 3 survivors (3072K)
 Metaspace       used 45994K, committed 46400K, reserved 1089536K
  class space    used 6100K, committed 6272K, reserved 1048576K
}
Event: 3.790 GC heap after
{Heap after GC invocations=14 (full 0):
 garbage-first heap   total 102400K, used 57180K [0x0000000080000000, 0x0000000100000000)
  region size 1024K, 3 young (3072K), 3 survivors (3072K)
 Metaspace       used 45994K, committed 46400K, reserved 1089536K
  class space    used 6100K, committed 6272K, reserved 1048576K
}
Event: 3.901 GC heap before
{Heap before GC invocations=14 (full 0):
 garbage-first heap   total 102400K, used 63324K [0x0000000080000000, 0x0000000100000000)
  region size 1024K, 11 young (11264K), 3 survivors (3072K)
 Metaspace       used 46585K, committed 47040K, reserved 1097728K
  class space    used 6194K, committed 6400K, reserved 1048576K
}
Event: 3.904 GC heap after
{Heap after GC invocations=15 (full 0):
 garbage-first heap   total 102400K, used 58564K [0x0000000080000000, 0x0000000100000000)
  region size 1024K, 3 young (3072K), 3 survivors (3072K)
 Metaspace       used 46585K, committed 47040K, reserved 1097728K
  class space    used 6194K, committed 6400K, reserved 1048576K
}
Event: 4.009 GC heap before
{Heap before GC invocations=16 (full 0):
 garbage-first heap   total 112640K, used 74948K [0x0000000080000000, 0x0000000100000000)
  region size 1024K, 14 young (14336K), 3 survivors (3072K)
 Metaspace       used 47303K, committed 47744K, reserved 1097728K
  class space    used 6276K, committed 6464K, reserved 1048576K
}
Event: 4.013 GC heap after
{Heap after GC invocations=17 (full 0):
 garbage-first heap   total 135168K, used 67333K [0x0000000080000000, 0x0000000100000000)
  region size 1024K, 4 young (4096K), 4 survivors (4096K)
 Metaspace       used 47303K, committed 47744K, reserved 1097728K
  class space    used 6276K, committed 6464K, reserved 1048576K
}
Event: 4.290 GC heap before
{Heap before GC invocations=18 (full 0):
 garbage-first heap   total 135168K, used 94981K [0x0000000080000000, 0x0000000100000000)
  region size 1024K, 31 young (31744K), 4 survivors (4096K)
 Metaspace       used 49729K, committed 50240K, reserved 1097728K
  class space    used 6527K, committed 6720K, reserved 1048576K
}
Event: 4.294 GC heap after
{Heap after GC invocations=19 (full 0):
 garbage-first heap   total 135168K, used 68920K [0x0000000080000000, 0x0000000100000000)
  region size 1024K, 2 young (2048K), 2 survivors (2048K)
 Metaspace       used 49729K, committed 50240K, reserved 1097728K
  class space    used 6527K, committed 6720K, reserved 1048576K
}

