# JRE version: OpenJDK Runtime Environment (17.0.6) (build 17.0.6+0-b2043.56-10027231)
# Java VM: OpenJDK 64-Bit Server VM (17.0.6+0-b2043.56-10027231, mixed mode, tiered, compressed oops, compressed class ptrs, g1 gc, windows-amd64)
GC Precious Log:
 CPUs: 8 total, 8 available
 Memory: 7834M
 Large Page Support: Disabled
 NUMA Support: Disabled
 Compressed Oops: Enabled (32-bit)
 Heap Region Size: 1M
 Heap Min Capacity: 8M
 Heap Initial Capacity: 124M
 Heap Max Capacity: 2G
 Pre-touch: Disabled
 Parallel Workers: 8
 Concurrent Workers: 2
 Concurrent Refinement Workers: 8
 Periodic GC: Disabled
Heap:
 garbage-first heap   total 193536K, used 137243K [0x0000000080000000, 0x0000000100000000)
  region size 1024K, 3 young (3072K), 3 survivors (3072K)
 Metaspace       used 90440K, committed 91072K, reserved 1130496K
  class space    used 12371K, committed 12672K, reserved 1048576K
GC Heap History (20 events):
Event: 5.889 GC heap after
{Heap after GC invocations=34 (full 0):
 garbage-first heap   total 160768K, used 90950K [0x0000000080000000, 0x0000000100000000)
  region size 1024K, 1 young (1024K), 1 survivors (1024K)
 Metaspace       used 59528K, committed 60096K, reserved 1105920K
  class space    used 8008K, committed 8256K, reserved 1048576K
}
Event: 6.230 GC heap before
{Heap before GC invocations=34 (full 0):
 garbage-first heap   total 160768K, used 116550K [0x0000000080000000, 0x0000000100000000)
  region size 1024K, 26 young (26624K), 1 survivors (1024K)
 Metaspace       used 63394K, committed 64064K, reserved 1105920K
  class space    used 8503K, committed 8832K, reserved 1048576K
}
Event: 6.233 GC heap after
{Heap after GC invocations=35 (full 0):
 garbage-first heap   total 193536K, used 91793K [0x0000000080000000, 0x0000000100000000)
  region size 1024K, 2 young (2048K), 2 survivors (2048K)
 Metaspace       used 63394K, committed 64064K, reserved 1105920K
  class space    used 8503K, committed 8832K, reserved 1048576K
}
Event: 6.657 GC heap before
{Heap before GC invocations=36 (full 0):
 garbage-first heap   total 193536K, used 140945K [0x0000000080000000, 0x0000000100000000)
  region size 1024K, 44 young (45056K), 2 survivors (2048K)
 Metaspace       used 68503K, committed 69184K, reserved 1114112K
  class space    used 9162K, committed 9472K, reserved 1048576K
}
Event: 6.661 GC heap after
{Heap after GC invocations=37 (full 0):
 garbage-first heap   total 193536K, used 96310K [0x0000000080000000, 0x0000000100000000)
  region size 1024K, 6 young (6144K), 6 survivors (6144K)
 Metaspace       used 68503K, committed 69184K, reserved 1114112K
  class space    used 9162K, committed 9472K, reserved 1048576K
}
Event: 6.691 GC heap before
{Heap before GC invocations=37 (full 0):
 garbage-first heap   total 193536K, used 99382K [0x0000000080000000, 0x0000000100000000)
  region size 1024K, 9 young (9216K), 6 survivors (6144K)
 Metaspace       used 68736K, committed 69376K, reserved 1114112K
  class space    used 9193K, committed 9472K, reserved 1048576K
}
Event: 6.694 GC heap after
{Heap after GC invocations=38 (full 0):
 garbage-first heap   total 193536K, used 96659K [0x0000000080000000, 0x0000000100000000)
  region size 1024K, 1 young (1024K), 1 survivors (1024K)
 Metaspace       used 68736K, committed 69376K, reserved 1114112K
  class space    used 9193K, committed 9472K, reserved 1048576K
}
Event: 7.146 GC heap before
{Heap before GC invocations=38 (full 0):
 garbage-first heap   total 193536K, used 141715K [0x0000000080000000, 0x0000000100000000)
  region size 1024K, 45 young (46080K), 1 survivors (1024K)
 Metaspace       used 73427K, committed 74048K, reserved 1114112K
  class space    used 9796K, committed 10112K, reserved 1048576K
}
Event: 7.150 GC heap after
{Heap after GC invocations=39 (full 0):
 garbage-first heap   total 193536K, used 98939K [0x0000000080000000, 0x0000000100000000)
  region size 1024K, 4 young (4096K), 4 survivors (4096K)
 Metaspace       used 73427K, committed 74048K, reserved 1114112K
  class space    used 9796K, committed 10112K, reserved 1048576K
}
Event: 7.548 GC heap before
{Heap before GC invocations=40 (full 0):
 garbage-first heap   total 193536K, used 147067K [0x0000000080000000, 0x0000000100000000)
  region size 1024K, 52 young (53248K), 4 survivors (4096K)
 Metaspace       used 77883K, committed 78528K, reserved 1122304K
  class space    used 10392K, committed 10688K, reserved 1048576K
}
Event: 7.554 GC heap after
{Heap after GC invocations=41 (full 0):
 garbage-first heap   total 193536K, used 103654K [0x0000000080000000, 0x0000000100000000)
  region size 1024K, 7 young (7168K), 7 survivors (7168K)
 Metaspace       used 77883K, committed 78528K, reserved 1122304K
  class space    used 10392K, committed 10688K, reserved 1048576K
}
Event: 7.564 GC heap before
{Heap before GC invocations=41 (full 0):
 garbage-first heap   total 193536K, used 104678K [0x0000000080000000, 0x0000000100000000)
  region size 1024K, 9 young (9216K), 7 survivors (7168K)
 Metaspace       used 77886K, committed 78528K, reserved 1122304K
  class space    used 10392K, committed 10688K, reserved 1048576K
}
Event: 7.568 GC heap after
{Heap after GC invocations=42 (full 0):
 garbage-first heap   total 193536K, used 104222K [0x0000000080000000, 0x0000000100000000)
  region size 1024K, 1 young (1024K), 1 survivors (1024K)
 Metaspace       used 77886K, committed 78528K, reserved 1122304K
  class space    used 10392K, committed 10688K, reserved 1048576K
}
Event: 8.059 GC heap before
{Heap before GC invocations=42 (full 0):
 garbage-first heap   total 193536K, used 152350K [0x0000000080000000, 0x0000000100000000)
  region size 1024K, 47 young (48128K), 1 survivors (1024K)
 Metaspace       used 83273K, committed 83968K, reserved 1122304K
  class space    used 11341K, committed 11648K, reserved 1048576K
}
Event: 8.063 GC heap after
{Heap after GC invocations=43 (full 0):
 garbage-first heap   total 193536K, used 105783K [0x0000000080000000, 0x0000000100000000)
  region size 1024K, 3 young (3072K), 3 survivors (3072K)
 Metaspace       used 83273K, committed 83968K, reserved 1122304K
  class space    used 11341K, committed 11648K, reserved 1048576K
}
Event: 8.647 GC heap before
{Heap before GC invocations=44 (full 0):
 garbage-first heap   total 193536K, used 176439K [0x0000000080000000, 0x0000000100000000)
  region size 1024K, 51 young (52224K), 3 survivors (3072K)
 Metaspace       used 88224K, committed 88960K, reserved 1130496K
  class space    used 12052K, committed 12416K, reserved 1048576K
}
Event: 8.653 GC heap after
{Heap after GC invocations=45 (full 0):
 garbage-first heap   total 193536K, used 135422K [0x0000000080000000, 0x0000000100000000)
  region size 1024K, 7 young (7168K), 7 survivors (7168K)
 Metaspace       used 88224K, committed 88960K, reserved 1130496K
  class space    used 12052K, committed 12416K, reserved 1048576K
}
Event: 8.668 GC heap before
{Heap before GC invocations=45 (full 0):
 garbage-first heap   total 193536K, used 137470K [0x0000000080000000, 0x0000000100000000)
  region size 1024K, 9 young (9216K), 7 survivors (7168K)
 Metaspace       used 88249K, committed 88960K, reserved 1130496K
  class space    used 12057K, committed 12416K, reserved 1048576K
}
Event: 8.674 GC heap after
{Heap after GC invocations=46 (full 0):
 garbage-first heap   total 193536K, used 135920K [0x0000000080000000, 0x0000000100000000)
  region size 1024K, 1 young (1024K), 1 survivors (1024K)
 Metaspace       used 88249K, committed 88960K, reserved 1130496K
  class space    used 12057K, committed 12416K, reserved 1048576K
}
Event: 8.974 GC heap before
{Heap before GC invocations=46 (full 0):
 garbage-first heap   total 193536K, used 160496K [0x0000000080000000, 0x0000000100000000)
  region size 1024K, 25 young (25600K), 1 survivors (1024K)
 Metaspace       used 90440K, committed 91072K, reserved 1130496K
  class space    used 12371K, committed 12672K, reserved 1048576K
}

