# JRE version: OpenJDK Runtime Environment (17.0.6) (build 17.0.6+0-b2043.56-10027231)
# Java VM: OpenJDK 64-Bit Server VM (17.0.6+0-b2043.56-10027231, mixed mode, tiered, compressed oops, compressed class ptrs, g1 gc, windows-amd64)
GC Precious Log:
 CPUs: 8 total, 8 available
 Memory: 7834M
 Large Page Support: Disabled
 NUMA Support: Disabled
 Compressed Oops: Enabled (32-bit)
 Heap Region Size: 1M
 Heap Min Capacity: 8M
 Heap Initial Capacity: 124M
 Heap Max Capacity: 2G
 Pre-touch: Disabled
 Parallel Workers: 8
 Concurrent Workers: 2
 Concurrent Refinement Workers: 8
 Periodic GC: Disabled
Heap:
 garbage-first heap   total 121856K, used 78082K [0x0000000080000000, 0x0000000100000000)
  region size 1024K, 12 young (12288K), 2 survivors (2048K)
 Metaspace       used 51763K, committed 52352K, reserved 1097728K
  class space    used 6923K, committed 7168K, reserved 1048576K
GC Heap History (20 events):
Event: 2.521 GC heap before
{Heap before GC invocations=8 (full 0):
 garbage-first heap   total 86016K, used 66252K [0x0000000080000000, 0x0000000100000000)
  region size 1024K, 21 young (21504K), 1 survivors (1024K)
 Metaspace       used 31952K, committed 32256K, reserved 1081344K
  class space    used 4410K, committed 4544K, reserved 1048576K
}
Event: 2.524 GC heap after
{Heap after GC invocations=9 (full 0):
 garbage-first heap   total 86016K, used 49339K [0x0000000080000000, 0x0000000100000000)
  region size 1024K, 3 young (3072K), 3 survivors (3072K)
 Metaspace       used 31952K, committed 32256K, reserved 1081344K
  class space    used 4410K, committed 4544K, reserved 1048576K
}
Event: 2.755 GC heap before
{Heap before GC invocations=9 (full 0):
 garbage-first heap   total 86016K, used 66747K [0x0000000080000000, 0x0000000100000000)
  region size 1024K, 20 young (20480K), 3 survivors (3072K)
 Metaspace       used 34472K, committed 34880K, reserved 1081344K
  class space    used 4802K, committed 4992K, reserved 1048576K
}
Event: 2.757 GC heap after
{Heap after GC invocations=10 (full 0):
 garbage-first heap   total 86016K, used 50017K [0x0000000080000000, 0x0000000100000000)
  region size 1024K, 1 young (1024K), 1 survivors (1024K)
 Metaspace       used 34472K, committed 34880K, reserved 1081344K
  class space    used 4802K, committed 4992K, reserved 1048576K
}
Event: 3.037 GC heap before
{Heap before GC invocations=11 (full 0):
 garbage-first heap   total 87040K, used 67425K [0x0000000080000000, 0x0000000100000000)
  region size 1024K, 19 young (19456K), 1 survivors (1024K)
 Metaspace       used 39919K, committed 40256K, reserved 1089536K
  class space    used 5394K, committed 5568K, reserved 1048576K
}
Event: 3.041 GC heap after
{Heap after GC invocations=12 (full 0):
 garbage-first heap   total 87040K, used 52373K [0x0000000080000000, 0x0000000100000000)
  region size 1024K, 3 young (3072K), 3 survivors (3072K)
 Metaspace       used 39919K, committed 40256K, reserved 1089536K
  class space    used 5394K, committed 5568K, reserved 1048576K
}
Event: 3.180 GC heap before
{Heap before GC invocations=12 (full 0):
 garbage-first heap   total 87040K, used 68757K [0x0000000080000000, 0x0000000100000000)
  region size 1024K, 20 young (20480K), 3 survivors (3072K)
 Metaspace       used 41651K, committed 42048K, reserved 1089536K
  class space    used 5572K, committed 5760K, reserved 1048576K
}
Event: 3.184 GC heap after
{Heap after GC invocations=13 (full 0):
 garbage-first heap   total 87040K, used 54954K [0x0000000080000000, 0x0000000100000000)
  region size 1024K, 3 young (3072K), 3 survivors (3072K)
 Metaspace       used 41651K, committed 42048K, reserved 1089536K
  class space    used 5572K, committed 5760K, reserved 1048576K
}
Event: 3.280 GC heap before
{Heap before GC invocations=14 (full 0):
 garbage-first heap   total 102400K, used 67242K [0x0000000080000000, 0x0000000100000000)
  region size 1024K, 16 young (16384K), 3 survivors (3072K)
 Metaspace       used 42087K, committed 42496K, reserved 1089536K
  class space    used 5618K, committed 5824K, reserved 1048576K
}
Event: 3.282 GC heap after
{Heap after GC invocations=15 (full 0):
 garbage-first heap   total 102400K, used 55831K [0x0000000080000000, 0x0000000100000000)
  region size 1024K, 2 young (2048K), 2 survivors (2048K)
 Metaspace       used 42087K, committed 42496K, reserved 1089536K
  class space    used 5618K, committed 5824K, reserved 1048576K
}
Event: 3.623 GC heap before
{Heap before GC invocations=16 (full 0):
 garbage-first heap   total 102400K, used 84503K [0x0000000080000000, 0x0000000100000000)
  region size 1024K, 27 young (27648K), 2 survivors (2048K)
 Metaspace       used 45898K, committed 46336K, reserved 1089536K
  class space    used 6103K, committed 6272K, reserved 1048576K
}
Event: 3.626 GC heap after
{Heap after GC invocations=17 (full 0):
 garbage-first heap   total 102400K, used 56855K [0x0000000080000000, 0x0000000100000000)
  region size 1024K, 3 young (3072K), 3 survivors (3072K)
 Metaspace       used 45898K, committed 46336K, reserved 1089536K
  class space    used 6103K, committed 6272K, reserved 1048576K
}
Event: 3.687 GC heap before
{Heap before GC invocations=17 (full 0):
 garbage-first heap   total 102400K, used 59927K [0x0000000080000000, 0x0000000100000000)
  region size 1024K, 7 young (7168K), 3 survivors (3072K)
 Metaspace       used 46053K, committed 46528K, reserved 1089536K
  class space    used 6124K, committed 6336K, reserved 1048576K
}
Event: 3.690 GC heap after
{Heap after GC invocations=18 (full 0):
 garbage-first heap   total 102400K, used 58016K [0x0000000080000000, 0x0000000100000000)
  region size 1024K, 3 young (3072K), 3 survivors (3072K)
 Metaspace       used 46053K, committed 46528K, reserved 1089536K
  class space    used 6124K, committed 6336K, reserved 1048576K
}
Event: 3.781 GC heap before
{Heap before GC invocations=19 (full 0):
 garbage-first heap   total 112640K, used 73376K [0x0000000080000000, 0x0000000100000000)
  region size 1024K, 14 young (14336K), 3 survivors (3072K)
 Metaspace       used 46772K, committed 47232K, reserved 1097728K
  class space    used 6206K, committed 6400K, reserved 1048576K
}
Event: 3.784 GC heap after
{Heap after GC invocations=20 (full 0):
 garbage-first heap   total 112640K, used 66758K [0x0000000080000000, 0x0000000100000000)
  region size 1024K, 4 young (4096K), 4 survivors (4096K)
 Metaspace       used 46772K, committed 47232K, reserved 1097728K
  class space    used 6206K, committed 6400K, reserved 1048576K
}
Event: 3.991 GC heap before
{Heap before GC invocations=21 (full 0):
 garbage-first heap   total 119808K, used 84166K [0x0000000080000000, 0x0000000100000000)
  region size 1024K, 21 young (21504K), 4 survivors (4096K)
 Metaspace       used 49077K, committed 49600K, reserved 1097728K
  class space    used 6439K, committed 6656K, reserved 1048576K
}
Event: 3.994 GC heap after
{Heap after GC invocations=22 (full 0):
 garbage-first heap   total 119808K, used 67654K [0x0000000080000000, 0x0000000100000000)
  region size 1024K, 2 young (2048K), 2 survivors (2048K)
 Metaspace       used 49077K, committed 49600K, reserved 1097728K
  class space    used 6439K, committed 6656K, reserved 1048576K
}
Event: 4.187 GC heap before
{Heap before GC invocations=22 (full 0):
 garbage-first heap   total 119808K, used 88134K [0x0000000080000000, 0x0000000100000000)
  region size 1024K, 23 young (23552K), 2 survivors (2048K)
 Metaspace       used 50691K, committed 51200K, reserved 1097728K
  class space    used 6728K, committed 6912K, reserved 1048576K
}
Event: 4.190 GC heap after
{Heap after GC invocations=23 (full 0):
 garbage-first heap   total 119808K, used 68866K [0x0000000080000000, 0x0000000100000000)
  region size 1024K, 2 young (2048K), 2 survivors (2048K)
 Metaspace       used 50691K, committed 51200K, reserved 1097728K
  class space    used 6728K, committed 6912K, reserved 1048576K
}

