# JRE version: OpenJDK Runtime Environment (17.0.6) (build 17.0.6+0-b2043.56-10027231)
# Java VM: OpenJDK 64-Bit Server VM (17.0.6+0-b2043.56-10027231, mixed mode, tiered, compressed oops, compressed class ptrs, g1 gc, windows-amd64)
GC Precious Log:
 CPUs: 8 total, 8 available
 Memory: 7834M
 Large Page Support: Disabled
 NUMA Support: Disabled
 Compressed Oops: Enabled (32-bit)
 Heap Region Size: 1M
 Heap Min Capacity: 8M
 Heap Initial Capacity: 124M
 Heap Max Capacity: 2G
 Pre-touch: Disabled
 Parallel Workers: 8
 Concurrent Workers: 2
 Concurrent Refinement Workers: 8
 Periodic GC: Disabled
Heap:
 garbage-first heap   total 279552K, used 164092K [0x0000000080000000, 0x0000000100000000)
  region size 1024K, 4 young (4096K), 4 survivors (4096K)
 Metaspace       used 91386K, committed 92160K, reserved 1130496K
  class space    used 12505K, committed 12864K, reserved 1048576K
GC Heap History (20 events):
Event: 7.401 GC heap after
{Heap after GC invocations=31 (full 0):
 garbage-first heap   total 203776K, used 105487K [0x0000000080000000, 0x0000000100000000)
  region size 1024K, 1 young (1024K), 1 survivors (1024K)
 Metaspace       used 72619K, committed 73280K, reserved 1114112K
  class space    used 9707K, committed 10048K, reserved 1048576K
}
Event: 7.991 GC heap before
{Heap before GC invocations=31 (full 0):
 garbage-first heap   total 203776K, used 163855K [0x0000000080000000, 0x0000000100000000)
  region size 1024K, 59 young (60416K), 1 survivors (1024K)
 Metaspace       used 77736K, committed 78400K, reserved 1122304K
  class space    used 10384K, committed 10688K, reserved 1048576K
}
Event: 7.996 GC heap after
{Heap after GC invocations=32 (full 0):
 garbage-first heap   total 203776K, used 110459K [0x0000000080000000, 0x0000000100000000)
  region size 1024K, 6 young (6144K), 6 survivors (6144K)
 Metaspace       used 77736K, committed 78400K, reserved 1122304K
  class space    used 10384K, committed 10688K, reserved 1048576K
}
Event: 8.611 GC heap before
{Heap before GC invocations=33 (full 0):
 garbage-first heap   total 203776K, used 161659K [0x0000000080000000, 0x0000000100000000)
  region size 1024K, 60 young (61440K), 6 survivors (6144K)
 Metaspace       used 84106K, committed 84800K, reserved 1122304K
  class space    used 11467K, committed 11776K, reserved 1048576K
}
Event: 8.619 GC heap after
{Heap after GC invocations=34 (full 0):
 garbage-first heap   total 203776K, used 109643K [0x0000000080000000, 0x0000000100000000)
  region size 1024K, 4 young (4096K), 4 survivors (4096K)
 Metaspace       used 84106K, committed 84800K, reserved 1122304K
  class space    used 11467K, committed 11776K, reserved 1048576K
}
Event: 8.679 GC heap before
{Heap before GC invocations=34 (full 0):
 garbage-first heap   total 203776K, used 114763K [0x0000000080000000, 0x0000000100000000)
  region size 1024K, 9 young (9216K), 4 survivors (4096K)
 Metaspace       used 84608K, committed 85312K, reserved 1130496K
  class space    used 11533K, committed 11840K, reserved 1048576K
}
Event: 8.683 GC heap after
{Heap after GC invocations=35 (full 0):
 garbage-first heap   total 203776K, used 109543K [0x0000000080000000, 0x0000000100000000)
  region size 1024K, 1 young (1024K), 1 survivors (1024K)
 Metaspace       used 84608K, committed 85312K, reserved 1130496K
  class space    used 11533K, committed 11840K, reserved 1048576K
}
Event: 8.979 GC heap before
{Heap before GC invocations=35 (full 0):
 garbage-first heap   total 203776K, used 131047K [0x0000000080000000, 0x0000000100000000)
  region size 1024K, 21 young (21504K), 1 survivors (1024K)
 Metaspace       used 87020K, committed 87744K, reserved 1130496K
  class space    used 11870K, committed 12224K, reserved 1048576K
}
Event: 8.983 GC heap after
{Heap after GC invocations=36 (full 0):
 garbage-first heap   total 203776K, used 113160K [0x0000000080000000, 0x0000000100000000)
  region size 1024K, 3 young (3072K), 3 survivors (3072K)
 Metaspace       used 87020K, committed 87744K, reserved 1130496K
  class space    used 11870K, committed 12224K, reserved 1048576K
}
Event: 8.996 GC heap before
{Heap before GC invocations=36 (full 0):
 garbage-first heap   total 203776K, used 116232K [0x0000000080000000, 0x0000000100000000)
  region size 1024K, 4 young (4096K), 3 survivors (3072K)
 Metaspace       used 87021K, committed 87744K, reserved 1130496K
  class space    used 11870K, committed 12224K, reserved 1048576K
}
Event: 9.000 GC heap after
{Heap after GC invocations=37 (full 0):
 garbage-first heap   total 203776K, used 117030K [0x0000000080000000, 0x0000000100000000)
  region size 1024K, 4 young (4096K), 4 survivors (4096K)
 Metaspace       used 87021K, committed 87744K, reserved 1130496K
  class space    used 11870K, committed 12224K, reserved 1048576K
}
Event: 9.417 GC heap before
{Heap before GC invocations=38 (full 0):
 garbage-first heap   total 232448K, used 163110K [0x0000000080000000, 0x0000000100000000)
  region size 1024K, 33 young (33792K), 4 survivors (4096K)
 Metaspace       used 89982K, committed 90752K, reserved 1130496K
  class space    used 12322K, committed 12672K, reserved 1048576K
}
Event: 9.426 GC heap after
{Heap after GC invocations=39 (full 0):
 garbage-first heap   total 279552K, used 139194K [0x0000000080000000, 0x0000000100000000)
  region size 1024K, 5 young (5120K), 5 survivors (5120K)
 Metaspace       used 89982K, committed 90752K, reserved 1130496K
  class space    used 12322K, committed 12672K, reserved 1048576K
}
Event: 9.562 GC heap before
{Heap before GC invocations=39 (full 0):
 garbage-first heap   total 279552K, used 147386K [0x0000000080000000, 0x0000000100000000)
  region size 1024K, 13 young (13312K), 5 survivors (5120K)
 Metaspace       used 90102K, committed 90880K, reserved 1130496K
  class space    used 12331K, committed 12672K, reserved 1048576K
}
Event: 9.566 GC heap after
{Heap after GC invocations=40 (full 0):
 garbage-first heap   total 279552K, used 139812K [0x0000000080000000, 0x0000000100000000)
  region size 1024K, 1 young (1024K), 1 survivors (1024K)
 Metaspace       used 90102K, committed 90880K, reserved 1130496K
  class space    used 12331K, committed 12672K, reserved 1048576K
}
Event: 9.885 GC heap before
{Heap before GC invocations=40 (full 0):
 garbage-first heap   total 279552K, used 194084K [0x0000000080000000, 0x0000000100000000)
  region size 1024K, 51 young (52224K), 1 survivors (1024K)
 Metaspace       used 91356K, committed 92096K, reserved 1130496K
  class space    used 12504K, committed 12864K, reserved 1048576K
}
Event: 9.894 GC heap after
{Heap after GC invocations=41 (full 0):
 garbage-first heap   total 279552K, used 155551K [0x0000000080000000, 0x0000000100000000)
  region size 1024K, 7 young (7168K), 7 survivors (7168K)
 Metaspace       used 91356K, committed 92096K, reserved 1130496K
  class space    used 12504K, committed 12864K, reserved 1048576K
}
Event: 10.306 GC heap before
{Heap before GC invocations=41 (full 0):
 garbage-first heap   total 279552K, used 201631K [0x0000000080000000, 0x0000000100000000)
  region size 1024K, 53 young (54272K), 7 survivors (7168K)
 Metaspace       used 91382K, committed 92160K, reserved 1130496K
  class space    used 12504K, committed 12864K, reserved 1048576K
}
Event: 10.317 GC heap after
{Heap after GC invocations=42 (full 0):
 garbage-first heap   total 279552K, used 161739K [0x0000000080000000, 0x0000000100000000)
  region size 1024K, 7 young (7168K), 7 survivors (7168K)
 Metaspace       used 91382K, committed 92160K, reserved 1130496K
  class space    used 12504K, committed 12864K, reserved 1048576K
}
Event: 10.701 GC heap before
{Heap before GC invocations=42 (full 0):
 garbage-first heap   total 279552K, used 206795K [0x0000000080000000, 0x0000000100000000)
  region size 1024K, 52 young (53248K), 7 survivors (7168K)
 Metaspace       used 91386K, committed 92160K, reserved 1130496K
  class space    used 12505K, committed 12864K, reserved 1048576K
}

